INFO|15:55:27|main|EC02Server|-1|EC02 :: Library Version --> null
INFO|15:55:27|main|EC02Server|-1|application level ready
DEBUG|15:55:27|main|SmoiMain|348|<?xml version="1.0" encoding="UTF-8" ?><configuration>        <cold>              <HomeDirectory value="/opt/equinoxAS" />            <Application group="SMOI2" service="SMOI" instance="0" />            <Listener port="7785" backlog="256" />        <Library directory="/opt/equinoxAS/lib/" function="phoebe.eqx.smoi.control.SmoiMain" />        <ECProperties>            <ThreadPool value="2" />            <AutoCpuUtilize value="true" />            <CpuUtilizeList value="4,5,6,7,8,9,10,11,12,13,14,15,16" />            <JavaOption value="-server" />            <JavaOption value="-XX:CompileThreshold=1000" />            <JavaOption value="-XX:ThreadStackSize=65535" />            <JavaOption value="-XX:MainThreadStackSize=65535" />            <JavaOption value="-Xms1G" />            <JavaOption value="-Xmx1G" />            <JavaOption value="-Djavax.xml.xpath.XPathFactory:http://java.sun.com/jaxp/xpath/dom=com.sun.org.apache.xpath.internal.jaxp.XPathFactoryImpl" />            <JavaOption value="-Djava.version=1.6" />            <JavaLibrary value="bfw1.0.jar"/>			<JavaLibrary value="commons-lang3-3.1.jar"/>			<JavaLibrary value="ec02_library.jar"/>			<JavaLibrary value="gson-2.3.2-For-Equinox.jar"/>			<JavaLibrary value="guava-17.0.jar"/>			<JavaLibrary value="joda-time-2.9.4.jar"/>			<JavaLibrary value="validate_4.1.1.jar"/>			<JavaLibrary value="eqxmsg_3_4_1.jar"/>			<JavaLibrary value="INGW_SMOI-2.7.0-01_01.jar"/>	<JavaLibrary value="eqxmsg_3_1_13.jar" />	<JavaLibrary value="kryo-2.20-all.jar" />        </ECProperties>	</cold>       <warm>        <SFLOG value="FATAL|ERROR|WARN|INFO|DEBUG" />	 <AFLOG value="FATAL|WARN|ERROR|INFO|DEBUG" />        <StatInterval value="2" />        <HousekeeperInterval value="10" />        <RestartDelay value="10" />        <ServerMaxSession value="10" />        <ServerReadTimeout value="30" />        <ServerWriteTimeout value="30" />        <ServerIdleTimeout value="30" />        <IncomingMsgDecode value="true"/>        <OutgoingMsgEncode value="true"/>        <IncomingMsgTrim value="true"/>        <OutgoingMsgTrim value="true"/>                                        <!-- Equinox Log Name -->        <!-- Timeout Configuration -->		      <Tm-IDLE value="100" />        <Tm-DS2A value="15" />  <Tm-AMF value="50" />  <Tm-USMP value="100" />  <Tm-SSB value="50" />  <Tm-RMF value="100" />  <Tm-SRFC value="100" />        <Tm-SMOI_FET value="15" />        <Tm-PPGW_FET value="15" />        <Tm-BSSBroker value="5" />        <Tm-BOS value="5" />  <Tm-BMP value="15" />  <Tm-SDF value="10" />  <Tm-TMF value="15" />  <Tm-INS value="10" />  <Tm-E01 value="15" />  <Tm-RMF-Confirmation value="100" />  <Tm-WRITEFILE value="100" />        <!-- Destination Configuration -->		<Resource-Name-Active-DS2A value="SMOI2.ES03.DS2A" />		<Resource-Name-Active-AMF value="SMOI2.ES03.AMF" />		<Resource-Name-Active-USMP value="SMOI2.ES04.USMP" />		<Resource-Name-Active-SSB value="SMOI2.ES04.SSB" />		<Resource-Name-Active-RMF value="SMOI2.ES04.RMF" />		<Resource-Name-Active-BMP value="SMOI2.ES04.BMP" />		<Resource-Name-Active-SRFC value="SMOI2.ES06.SRFC" />		<Resource-Name-Active-SMOI_FET value="SMOI2.ES04.SMOIFET" />		<Resource-Name-Active-PPGW_FET value="SMOI2.ES04.PPGWFET" />		<!--<Resource-Name-Active-BSSBroker value="SMOI2.ES04.BSS" /> -->		<Resource-Name-Active-SDF value="SMOI2.ES04.SDF" />		<Resource-Name-Active-TMF value="SMOI2.ES06.TMF" />			<!--BOS-->        <Resource-Name-Active-SMOI_FET value="SMOI2.ES04.Active-SMOI" />        <Resource-Name-Active-PPGW_FET value="SMOI2.ES04.Active-PPGW" />        <Resource-Name-Active-INS value="SMOI2.ES04.Active-INS" /> 	<Resource-Name-Active-BSSBroker value="SMOI2.ES04.BSSBROKER" />        <Resource-Name-Active-BOS value="SMOI2.ES06.BOS" />	<!--StandBy-->	<Resource-Name-Standby-INS value="SMOI2.ES04.Active-INS" /> 	<Resource-Name-Standby-INS-MaxRetry value="0" />	<Resource-Name-Standby-DS2A value="SMOI2.ES03.Standby-DS2A" />        <Resource-Name-Standby-SMOI_FET value="SMOI2.ES04.Standby-SMOI" />        <Resource-Name-Standby-PPGW_FET value="SMOI2.ES04.Standby-PPGW" />        <Resource-Name-Standby-BSSBroker value="SMOI2.ES04.stBSSBROKER" />        <Resource-Name-Standby-BOS value="SMOI2.ES06.stBOS" />	<!-- MaxRetry Configuration -->        <Resource-Name-Standby-DS2A-MaxRetry value="2" />        <Resource-Name-Standby-SMOI_FET-MaxRetry value="0" />        <Resource-Name-Standby-PPGW_FET-MaxRetry value="0" />        <Resource-Name-Standby-BSSBroker-MaxRetry value="2"/>        <Resource-Name-Standby-BOS-MaxRetry value="0" />		<Resource-Name-Standby-E01-MaxRetry value="0" />		<Resource-Name-Standby-AMF-MaxRetry value="0" />		<Resource-Name-Standby-USMP-MaxRetry value="0" />		<Resource-Name-Standby-SDF-MaxRetry value="0" />		<Resource-Name-Standby-BMP-MaxRetry value="0" />                <Resource-Name-Standby-RMF-MaxRetry value="0" />                <Resource-Name-Standby-TMF-MaxRetry value="0" /> 		<Resource-Name-Standby-ES22-MaxRetry value="0" />               		<Resource-Name-Standby-SSB-MaxRetry value="0" />		<Resource-Name-Standby-SRFC-MaxRetry value="0" />		<!-- App -->		<App-Summary-Log-CommandSequence-Enable value="true" />	    <App-Detail-Log-Data-Enable value="true" />	    <App-Detail-Log-Raw-Data-Enable value="true" />	<LogName-Summary value="LogSummary" />	<LogName-Detail value="LogDetail" />                <!-- SMOI Configuration -->        <INGW_SMOI-Origin-Host value ="toro" />        <INGW_SMOI-Origin-Realm value ="toro.ais.co.th" />                <!-- BOS Configuration -->        <BOS-Destination-Host value ="bos-Destination-Host" />        <BOS-Destination-Realm value ="bos-Destination-Realm" />        <BOS-Location value ="BOSCF,BOCBF,3BOSC,3BOCB" />		<Set-PPSReward-BOS-DCC value="true" />		<CCR-Access-Method value="2" />        <Resource-Id-PRMMONEY value="10210000" />        <Resource-Id-PRMSM value="17210000" />        <Resource-Id-PRMMINUTE value="11210000" />        <Resource-Id-FREECALLTIMES value="11210000" />        <Resource-Id-FREERBTSONG value="29210000" />				<!-- SRFC Configuration -->		<SRFC-Origin-Host value ="DBOINGWA201G" />		<SRFC-Origin-Realm value ="sand.ais.co.th" />        <SRFC-Destination-Realm value ="sand.ais.co.th" />				<!-- Interstellar Configuration -->		<INS-Location value ="INS,3OCCB,INS3" />				<!-- CountID Charging Configuration -->		<CountID-Charging value ="200010" />				<!-- AddScrScreenNo Configuration -->		<Add-Call-Screen-No  value ="022719271,022719000" />				<!-- Workorder Lang Configuration -->		<Workorder-Lang-Mapping value="1|THA,2|ENG,3|MYA,4|CHI" />		<!-- DispScreenNo Configuration -->		<Disp-Screen-No-Filter-Out value="66819000131,024334663,1148,66819000122" />				<!-- URL USMP ModifySubscriber Configuration -->		<URL-USMP-ModifySubscriber value ="http://10.252.160.104/vsmpalias/Web/Services/SubscriberWebService.asmx" />				<!-- URL USMP FirstActivate Configuration -->		<URL-USMP-FirstActivate value ="http://10.252.160.104/WifiOffload/Web/Services/InterstellarWebService.asmx?op=FirstActivate" />				<!-- URL USMP InquirySubscriberInfo Configuration -->		<URL-USMP-InquirySubscriberInfo value ="http://10.252.160.104/vsmpinquirysub/Web/Services/SubscriberWebService.asmx?op=InquirySubscriberInfo" />				<!-- URL USMP ModifyCounter Configuration -->		<URL-USMP-ModifyCounter value ="http://10.252.160.104/WifiOffload/Web/Services/AMFWebService.asmx" />				<!-- URL USMP InquiryCounter Configuration -->		<URL-USMP-InquiryCounter value ="http://10.252.160.104/WifiOffload/Web/Services/AMFWebService.asmx" />				<!-- URL BMP CallScreening Configuration -->		<URL-BMP-Service value ="http://10.104.168.33:7782/services/SCPInterfaceBusinessMgrService" />				<!-- URL-SSB-WorkOrder Configuration -->		<URL-SSB-WorkOrder value ="/api/v1/FirstActivate" />				<!-- URL-RMF-RewardMonitoring Configuration -->		<URL-RMF-RewardMonitoring value ="/api/v1/rmf/rewardMonitoring.json" />		<!-- URL-RMF-RewardMonitoring Confirmation Configuration -->		<URL-RMF-RewardMonitoringConfirm value ="/api/v1/rmf/rewardMonitoringConfirm.json" />				<!-- URL-RMF-RewardOffering Configuration -->		<URL-RMF-RewardOffering value ="/api/v1/rmf/rewardOffering.json" />				<!-- URL-RMF-rewardAdjustment Configuration -->		<URL-RMF-RewardAdjustment value ="/api/v1/rmf/rewardAdjustment.json" />				<!-- INS-SSB-Channel Configuration -->		<INS-SSB-Channel value ="INS" />				<!-- CountID-Prmmoneyid Configuration -->		<CountID-Prmmoneyid  value = "200100,200500" />				<!-- MainPromotionName Configuration -->		<MainPromotionName  value = "PEak" />				<!-- Report-80-Name Configuration -->		<Report-80-POS-Name  value = "report80POS" />		<Report-80-PPS-Name  value = "report80PPS" />				<!-- Default RefillStopTime Month Configuration -->		<!-- <Default-RefillStopTime-Month  value = "8" /> -->				<!-- ModiValidity-TMF-Flag Configuration -->		<ModiValidity-TMF-Flag  value="1" />				<!-- CountID-Monetaryusagereward Configuration -->		<CountID-Monetaryusagereward value = "200501,299999" />				<!-- KATE -->			<!-- 0=Disabled,1=Error Only,2=Enabled -->		<DETAIL_LOG-Enabled value="2" /> 		<DETAIL_LOG-RawData-Enabled value="true" />  		<DETAIL_LOG-Data-Enabled value="true" />				<!-- Expire Time (.sec) -->		<Request-Expire value="10" />		<Profile-Expire value="10" />					<!-- TMF Diameter Configuration -->		<TMF-Destination-Host value ="INSTR210" />		<TMF-Destination-Realm value="sand.ais.co.th" />				<!-- Service-Type-Mapping Configuration (Multi) -->		<Service-Type-Mapping value="0,Voice" />		<Service-Type-Mapping value="1,SMS" />		<Service-Type-Mapping value="2,GPRS" />		<Service-Type-Mapping value="3,MMS" />				<!-- RMF IP&PORT -->		<RMF-SMOI-IP value="10.252.142.30" />		<RMF-SMOI-PORT value="3024" />				<!-- Default prmmoneyName & prmmoneyusageName Configuration -->		<Default-prmmoneyName value="Reward Balance" />		<Default-prmmoneyusageName value="Monetary Usage Balance" />				<!-- Default expire Validity Configuration -->		<INS-Free-Resource-Default-Adjust-Validity value="30" />				<!-- Default PackName Configuration -->		<INS-Default-PackName-prmSM value="aa" />		<INS-Default-PackName-prmMinute value="aa" />				<!-- RMF AdjustBalance Configuration -->		<RMF-Adjust-Balance value="1000" />				<!-- INS ResourceId-PRMMONEY Configuration -->		<INS-Resource-Id-PRMMONEY value="10210000" />                <!-- INS PackageType Configuration -->		<INS-PackageType-prmSM value="0" />		<INS-PackageType-prmMinute value="1" />                <INS-Control-States value="Pool"/>		<INS-POS-UserState-Mapping value="0|Idle"/>                <INS-POS-UserState-Mapping value="1|Active"/>                <Reset-Reward-Enable value="1" />                <CountID-Rewards value="200000,300000" />		<Resource-Name-WRITEFILE value="SMOI2.ES22.SSB" />		<Recovery-WO-Path value="/eqx/af/recovery_SMOI2/" />			                <FirstAct-Channel-Mapping value="1|First Call|vOCF" />                <FirstAct-Channel-Mapping value="2|Data|dOCF" />                <FirstAct-Channel-Mapping value="3|CRM|MD" />                <FirstAct-Channel-Mapping value="4|Test|default" />		<Write-LogSummary value="Enable"/>        	<Write-LogDetail value="Enable"/>		<Modify-WL-Alternate-Solution-Flag value="0" />		<Resource-Name-Active-AVATAR value="SMOI2.ES06.AVATAR.0" />                <Resource-Name-Standby-AVATAR value="SMOI2.ES06.stAVATAR.0" />		<Tm-AVATAR value="5" />		<AVATAR-Location value="3AVAR,3CBSC" />				<Resource-Name-Standby-AVATAR-MaxRetry value="0" />		<Tm-EQL value="5" />		<URL-EQL value="/v1/eql/synchronous/request.json" />		<Resource-Name-Standby-EQL-MaxRetry value="2" />		<Resource-Name-Active-EQL value="SMOI2.ES04.EQL.0" />		<Resource-Name-Standby-EQL value="SMOI2.ES04.stEQL.0" />		<!-- 2.5 AVATAR -->		<AVATAR-Free-Unit-ID-PRMMONEY value="102100001" />                <AVATAR-Free-Unit-ID-PRMSM value="172100001" />		<AVATAR-Free-Unit-ID-PRMMINUTE value="112100001" />		<AVATAR-Free-Unit-ID-FREERBTSONG value="292100001" /> 		<AVATAR-BalanceType-Money-Prefix value="10" />                <AVATAR-BalanceType-RBTSong-Prefix value="29" />        	<AVATAR-BalanceType-SMS-Domestic-Prefix value="17" />                <AVATAR-BalanceType-Voice-Domestic-Prefix value="11" />		 <URL-MD value="http://10.252.56.7:44016/ilws/InstantLinkSOA?wsdl"/>                <MD-Login-User value="SOAP_API"/>                <MD-Login-Password value="SOAP_API"/>                <Resource-Name-Standby-MD-MaxRetry value="2" />                <Resource-Name-Standby-MD value="SMOI2.ES04.stMD" />		<Resource-Name-Active-MD value="SMOI2.ES04.MD.0" />		<Tm-MD value="20" />				<!--2.6.4--> 		<AVATAR-Adjust-Channel-ID value="2" />		<AVATAR-Channel value="IVR" />		<!--2.7.0-->                <AVATAR-BalanceType-Reward-Pocket value="102100001" />                <AVATAR-BalanceType-MainBalance value="MAIN_ACCOUNT" />                <AVATAR-ModiPPSCreditLimit-Control-States value="Disable,Terminate,Pool" />		</warm></configuration>
DEBUG|15:55:27|main|SmoiMain|643|LogName-Summary= LogSummary < Correct >
DEBUG|15:55:27|main|SmoiMain|644|LogName-Detail= LogDetail < Correct >
DEBUG|15:55:27|main|SmoiMain|645|Write-LogSummary= Enable < Correct >
DEBUG|15:55:27|main|SmoiMain|646|Write-LogDetail= Enable < Correct >
DEBUG|15:55:27|main|SmoiMain|648|Resource-Name-Active-DS2A= SMOI2.ES03.DS2A < Correct >
DEBUG|15:55:27|main|SmoiMain|649|Resource-Name-Active-BOS= SMOI2.ES06.BOS < Correct >
DEBUG|15:55:27|main|SmoiMain|650|Resource-Name-Active-AVATAR= SMOI2.ES06.AVATAR.0 < Correct >
DEBUG|15:55:27|main|SmoiMain|651|Resource-Name-Active-BSSBroker= SMOI2.ES04.BSSBROKER < Correct >
DEBUG|15:55:27|main|SmoiMain|652|Resource-Name-Active-PPGW_FET= SMOI2.ES04.PPGWFET < Correct >
DEBUG|15:55:27|main|SmoiMain|653|Resource-Name-Active-SMOI_FET= SMOI2.ES04.SMOIFET < Correct >
DEBUG|15:55:27|main|SmoiMain|654|Resource-Name-Active-MD= SMOI2.ES04.MD.0 < Correct >
DEBUG|15:55:27|main|SmoiMain|656|Resource-Name-Standby-DS2A= SMOI2.ES03.Standby-DS2A < Correct >
DEBUG|15:55:27|main|SmoiMain|657|Resource-Name-Standby-BOS= SMOI2.ES06.stBOS < Correct >
DEBUG|15:55:27|main|SmoiMain|658|Resource-Name-Standby-AVATAR= SMOI2.ES06.stAVATAR.0 < Correct >
DEBUG|15:55:27|main|SmoiMain|659|Resource-Name-Standby-BSSBroker= SMOI2.ES04.stBSSBROKER < Correct >
DEBUG|15:55:27|main|SmoiMain|660|Resource-Name-Standby-PPGW_FET= SMOI2.ES04.Standby-PPGW < Correct >
DEBUG|15:55:27|main|SmoiMain|661|Resource-Name-Standby-SMOI_FET= SMOI2.ES04.Standby-SMOI < Correct >
DEBUG|15:55:27|main|SmoiMain|662|Resource-Name-Standby-MD= SMOI2.ES04.stMD < Correct >
DEBUG|15:55:27|main|SmoiMain|664|Resource-Name-Standby-DS2A-MaxRetry= 2 < Correct >
DEBUG|15:55:27|main|SmoiMain|665|Resource-Name-Standby-BOS-MaxRetry= 0 < Correct >
DEBUG|15:55:27|main|SmoiMain|666|Resource-Name-Standby-AVATAR-MaxRetry= 0 < Correct >
DEBUG|15:55:27|main|SmoiMain|667|Resource-Name-Standby-BSSBroker-MaxRetry= 2 < Correct >
DEBUG|15:55:27|main|SmoiMain|668|Resource-Name-Standby-PPGW_FET-MaxRetry= 0 < Correct >
DEBUG|15:55:27|main|SmoiMain|669|Resource-Name-Standby-SMOI_FET-MaxRetry= 0 < Correct >
DEBUG|15:55:27|main|SmoiMain|670|Resource-Name-Standby-E01-MaxRetry= 0 < Correct >
DEBUG|15:55:27|main|SmoiMain|672|URL-MD= http://10.252.56.7:44016/ilws/InstantLinkSOA?wsdl < Correct >
DEBUG|15:55:27|main|SmoiMain|673|URL-EQL= /v1/eql/synchronous/request.json < Correct >
DEBUG|15:55:27|main|SmoiMain|674|MD-Login-User= SOAP_API < Correct >
DEBUG|15:55:27|main|SmoiMain|675|MD-Login-Password= SOAP_API < Correct >
DEBUG|15:55:27|main|SmoiMain|676|Tm-DS2A= 15 < Correct >
DEBUG|15:55:27|main|SmoiMain|677|Tm-BOS= 5 < Correct >
DEBUG|15:55:27|main|SmoiMain|678|Tm-AVATAR= 5 < Correct >
DEBUG|15:55:27|main|SmoiMain|679|Tm-BSSBroker= 5 < Correct >
DEBUG|15:55:27|main|SmoiMain|680|Tm-PPGW_FET= 15 < Correct >
DEBUG|15:55:27|main|SmoiMain|681|Tm-SMOI_FET= 15 < Correct >
DEBUG|15:55:27|main|SmoiMain|682|Tm-MD= 20 < Correct >
DEBUG|15:55:27|main|SmoiMain|683|INGW_SMOI-Origin-Host= toro < Correct >
DEBUG|15:55:27|main|SmoiMain|684|INGW_SMOI-Origin-Realm= toro.ais.co.th < Correct >
DEBUG|15:55:27|main|SmoiMain|687|BOS-Location= BOSCF,BOCBF,3BOSC,3BOCB < Correct >
DEBUG|15:55:27|main|SmoiMain|688|AVATAR-Location= 3AVAR,3CBSC < Correct >
DEBUG|15:55:27|main|SmoiMain|690|AVATAR-BalanceType-SMS-Domestic-Prefix= 17 < Correct >
DEBUG|15:55:27|main|SmoiMain|691|AVATAR-BalanceType-Voice-Domestic-Prefix= 11 < Correct >
DEBUG|15:55:27|main|SmoiMain|692|AVATAR-Channel= IVR < Correct >
DEBUG|15:55:27|main|SmoiMain|693|AVATAR-Adjust-Channel-ID= 2 < Correct >
DEBUG|15:55:27|main|SmoiMain|696|AVATAR-ModiPPSCreditLimit-Control-States= Disable,Terminate,Pool < Correct >
DEBUG|15:55:27|main|SmoiMain|772|Resource-Name-Active-INS= SMOI2.ES04.Active-INS < Correct >
DEBUG|15:55:27|main|SmoiMain|772|Resource-Name-Standby-INS= SMOI2.ES04.Active-INS < Correct >
DEBUG|15:55:27|main|SmoiMain|772|Resource-Name-Standby-INS-MaxRetry= 0 < Correct >
DEBUG|15:55:27|main|SmoiMain|772|INS-Location= INS,3OCCB,INS3 < Correct >
DEBUG|15:55:27|main|SmoiMain|772|Tm-INS= 10 < Correct >
DEBUG|15:55:27|main|SmoiMain|772|Modify-WL-Alternate-Solution-Flag= 0 < Correct >
FATAL|15:55:27|main|EC02Handler|-1|Library not found : /opt/equinoxAS/lib//bfw1.0.jar
DEBUG|15:55:27|2:SMOI.ES05.HTTP.0|EC02Handler|-1|
#====> Incoming Message :<EquinoxMessage from="SMOI.E11.0" via="SMOI.E11.0" session="2:SMOI.ES05.HTTP.0" timeout="10" ret="0" diag=""><EquinoxRawData orig="SMOI.ES05.HTTP.0" name="HTTP" invoke="2" type="request" method="POST" url="/" ctype="text/plain" val="page=modiPPSMultiAttr&amp;sgw=smsgw4&amp;ms=66818008356&amp;ssid=263108&amp;flag=1&amp;balance=7&amp;merchant=CHATSIM&amp;smp=5&amp;balanceID=1" to="SMOI.ES00" ret="0" /><EquinoxInstance><value val="" /></EquinoxInstance></EquinoxMessage>
DEBUG|15:55:27|2:SMOI.ES05.HTTP.0|EC02Controller|-1|=== >> INCOMING DATA
-->applicationName  :  SMOI2
-->session  : 2:SMOI.ES05.HTTP.0
-->via  : SMOI.E11.0
-->from  : SMOI.E11.0
-->diag  : 
-->state  : IDLE
-->timeout  : 10

-->rawdata(s)  : 1
-->raw data index : 0
	-->raw event type : Unknown
	-->messsage : 
	-->val : page=modiPPSMultiAttr&sgw=smsgw4&ms=66818008356&ssid=263108&flag=1&balance=7&merchant=CHATSIM&smp=5&balanceID=1
	-->ret : 0
	-->method : POST
	-->ctype : text/plain
	-->orig : SMOI.ES05.HTTP.0
	-->name : HTTP
	-->invoke : 2
	-->to : SMOI.ES00
	-->type : request
	-->url : /
DEBUG|15:55:27|2:SMOI.ES05.HTTP.0|AFProxy|-1|extract instance completed :: 2
DEBUG|15:55:27|2:SMOI.ES05.HTTP.0|SmoiMain|78|Attributes Message :ret=0 ,ctyp=text/plain ,type=request ,oid= ,ecode=
DEBUG|15:55:27|2:SMOI.ES05.HTTP.0|SmoiMain|169|EventType = IncomingModiPPSMultiAttr
DEBUG|15:55:27|2:SMOI.ES05.HTTP.0|AFProxy|-1|extract raw data completed ::1
DEBUG|15:55:27|2:SMOI.ES05.HTTP.0|SmoiMain|233|15:55:27 : Current state : IDLE
DEBUG|15:55:27|2:SMOI.ES05.HTTP.0|StateIdle|55|Save Request Info:SessionId=2:SMOI.ES05.HTTP.0 ,resourceName=SMOI.ES05.HTTP.0 ,invokeId=2 ,requestTime=1537347327931 ,requestMsg=page=modiPPSMultiAttr&sgw=smsgw4&ms=66818008356&ssid=263108&flag=1&balance=7&merchant=CHATSIM&smp=5&balanceID=1 ,sessionId=2:SMOI.ES05.HTTP.0
DEBUG|15:55:27|2:SMOI.ES05.HTTP.0|StateIdle|83|Save Command Info:ms=66818008356 ,page=modiPPSMultiAttr ,sgw=smsgw4 ,ssid=263108 ,startTime=1537347327931
DEBUG|15:55:27|2:SMOI.ES05.HTTP.0|StateIdle|92|Command Event is IncomingModiPPSMultiAttr
DEBUG|15:55:27|2:SMOI.ES05.HTTP.0|SmoiInstance|177|key=flag,value=1
DEBUG|15:55:27|2:SMOI.ES05.HTTP.0|SmoiStatAlarm|44|Send Stat:SMOI Receive HTTP ModiPPSMultiAttr Request
DEBUG|15:55:27|2:SMOI.ES05.HTTP.0|EquinoxUtilities|-1|increment stat
DEBUG|15:55:27|2:SMOI.ES05.HTTP.0|StateIdle|133|Check Input Parameter: Success!!!
DEBUG|15:55:27|2:SMOI.ES05.HTTP.0|StateIdle|164|Don't have scpid
DEBUG|15:55:27|2:SMOI.ES05.HTTP.0|SmoiStatAlarm|44|Send Stat:SMOI Send DS2A InquirySubscriber Request
DEBUG|15:55:27|2:SMOI.ES05.HTTP.0|EquinoxUtilities|-1|increment stat
DEBUG|15:55:27|2:SMOI.ES05.HTTP.0|EquinoxUtilities|-1|write log
DEBUG|15:55:27|2:SMOI.ES05.HTTP.0|SmoiMain|240|15:55:27 : Next state : W_DS2A
DEBUG|15:55:27|2:SMOI.ES05.HTTP.0|SmoiMain|241|15:55:27 : Ret : 0
DEBUG|15:55:27|2:SMOI.ES05.HTTP.0|SmoiMain|242|15:55:27 : Timeout : 15
DEBUG|15:55:27|2:SMOI.ES05.HTTP.0|EquinoxUtilities|-1|write log
DEBUG|15:55:27|2:SMOI.ES05.HTTP.0|AFProxy|-1|action process completed :: 51
DEBUG|15:55:27|2:SMOI.ES05.HTTP.0|AFProxy|-1|construct rawdata completed :: 1
DEBUG|15:55:28|2:SMOI.ES05.HTTP.0|AFProxy|-1|compose instance completed :: 74
DEBUG|15:55:28|2:SMOI.ES05.HTTP.0|EC02Controller|-1|=== >> OUTGOING DATA
-->applicationName  :  SMOI2
-->session  : 2:SMOI.ES05.HTTP.0
-->via  : SMOI.E11.0
-->from  : SMOI2.ES00
-->diag  : 
-->state  : W_DS2A
-->timeout  : 15

-->rawdata(s)  : 1
-->raw data index : 0
	-->raw event type : Unknown
	-->messsage : <AVP type="methodVersion"><vals value="6"/></AVP><AVP type="msisdnInfo"><vals value="66818008356"/></AVP>
	-->ctype : extended
	-->name : LDAP
	-->invoke : InquiryMsisdn:2
	-->to : SMOI2.ES03.DS2A
	-->oid : 0.0.17.1218.8.7.0
	-->type : request
DEBUG|15:55:28|2:SMOI.ES05.HTTP.0|MessageBuilder|-1|Log called : 2
DEBUG|15:55:28|2:SMOI.ES05.HTTP.0|MessageBuilder|-1|Stat called : 2
DEBUG|15:55:28|2:SMOI.ES05.HTTP.0|EC02Handler|-1|
#====> Outgoing Message is:<?xml version="1.0" encoding="tis-620" ?><EquinoxMessage diag="" from="SMOI2.ES00" ret="0" session="2:SMOI.ES05.HTTP.0" via="SMOI.E11.0" timeout="15" ><EquinoxRawData ctype="extended" name="LDAP" invoke="InquiryMsisdn:2" to="SMOI2.ES03.DS2A" oid="0.0.17.1218.8.7.0" type="request" ><AVP type="methodVersion"><vals value="6"/></AVP><AVP type="msisdnInfo"><vals value="66818008356"/></AVP></EquinoxRawData><EquinoxRawData to="SMOI2.E06.0" name="EQLOG" type="noreply" ><log name="LogSummary" value="SESSION=263108|INVOKE=2|MSISDN=66818008356|COMMAND=modiPPSMultiAttr"/><log name="LogDetail" value="SESSIONID=263108|INVOKE=2|STATE=IDLE|MSISDN=66818008356|COMMAND=modiPPSMultiAttr|INPUT=page=modiPPSMultiAttr&amp;sgw=smsgw4&amp;ms=66818008356&amp;ssid=263108&amp;flag=1&amp;balance=7&amp;merchant=CHATSIM&amp;smp=5&amp;balanceID=1|NEXTSTATE=W_DS2A|OUTPUT=&lt;AVP type=&quot;methodVersion&quot;&gt;&lt;vals value=&quot;6&quot;/&gt;&lt;/AVP&gt;&lt;AVP type=&quot;msisdnInfo&quot;&gt;&lt;vals value=&quot;66818008356&quot;/&gt;&lt;/AVP&gt;"/></EquinoxRawData><EquinoxRawData to="SMOI2.E04.0" name="EQSTAT" type="noreply" ><stats name="SMOI Receive HTTP ModiPPSMultiAttr Request" type="increment"/><stats name="SMOI Send DS2A InquirySubscriber Request" type="increment"/></EquinoxRawData><EquinoxInstance><value val="W_DS2A::eJyNkl1vgjAUhv9Lr9EUUHTc4dckGcos2S62ZalSsRkfysG5xfjf11L8mJsJV9D3fXpOz9vuUc42WwaFmy4zZO8RTz+zD8ZDZCMDaUc34AlDtt42O2arYxqdO1M/eR4DoJGw0Vp8XrcYm2GShdz3ibeNC+4URS5Vw4Jop2xIxG9LiQkozbK6ehfjrtm2Khp4qCzDMnXcVeoyppFSdSXMaUzTRdW3U9Vk+WJF00KJ/bETENerqiZrpbZ/bXcHVdFyZsi2+YJNqBwaEW/qNocEt5vjIPCbWBAgRuZZ6pYp2X+Ag4YS4BCmwr4YS24ElWw5kFivVXDXcUky2glDBSWWcmyxlseDgub/X8gcYJ6L28tHJb2kMTC11VMN+jSOJ1nBl98nl4Pz5ATO7EKYsSI/A2wTz45PRLQWWSH75U1DtJdlMaPpCVwlRNjh/NujX1WJPZpVWTZkmI0KaPj+/fP7aBg0zijWbrDDx4cLzLiFqSnqFOwR0itTqlN2iPVaNaekDuZOamHeoM7RBsRw6nDyeV6HfTj8AAgOS1o=::1" /></EquinoxInstance></EquinoxMessage>
DEBUG|15:55:28|2:SMOI.ES05.HTTP.0|EC02Handler|-1|
-->TIME,total Processing Time(msec) : 157
-->TIME,application process (msec) :129
-->TIME,ec02 process(msec) : 28
